app/build/intermediates/manifest_merge_blame_file/debug/manifest-merger-blame-debug-report.txt
1<?xml version="1.0" encoding="utf-8"?>
2<manifest xmlns:android="http://schemas.android.com/apk/res/android"
3    package="com.iplant"
4    android:versionCode="1"
5    android:versionName="1.0" >
6
7    <uses-sdk
8        android:minSdkVersion="23"
8-->src/main/AndroidManifest.xml
9        android:targetSdkVersion="30" />
9-->src/main/AndroidManifest.xml
10
11    <uses-permission android:name="android.permission.INTERNET" />
11-->src/main/AndroidManifest.xml:5:5-66
11-->src/main/AndroidManifest.xml:5:22-64
12
13    <application
13-->src/main/AndroidManifest.xml:7:5-23:19
14        android:name="com.iplant.App"
14-->src/main/AndroidManifest.xml:8:9-28
15        android:allowBackup="true"
15-->src/main/AndroidManifest.xml:9:9-35
16        android:appComponentFactory="androidx.core.app.CoreComponentFactory"
16-->[androidx.core:core:1.6.0] AndroidManifest.xml:24:18-86
17        android:debuggable="true"
18        android:extractNativeLibs="false"
19        android:icon="@mipmap/ic_launcher"
19-->src/main/AndroidManifest.xml:10:9-43
20        android:label="@string/app_name"
20-->src/main/AndroidManifest.xml:11:9-41
21        android:roundIcon="@mipmap/ic_launcher_round"
21-->src/main/AndroidManifest.xml:12:9-54
22        android:supportsRtl="true"
22-->src/main/AndroidManifest.xml:13:9-35
23        android:testOnly="true"
24        android:theme="@style/Theme.IPlant" >
24-->src/main/AndroidManifest.xml:14:9-44
25        <activity
25-->src/main/AndroidManifest.xml:15:9-22:20
26            android:name="com.iplant.MainActivity"
26-->src/main/AndroidManifest.xml:16:13-41
27            android:label="@string/app_name" >
27-->src/main/AndroidManifest.xml:17:13-45
28            <intent-filter>
28-->src/main/AndroidManifest.xml:18:13-21:29
29                <action android:name="android.intent.action.MAIN" />
29-->src/main/AndroidManifest.xml:19:17-69
29-->src/main/AndroidManifest.xml:19:25-66
30
31                <category android:name="android.intent.category.LAUNCHER" />
31-->src/main/AndroidManifest.xml:20:17-77
31-->src/main/AndroidManifest.xml:20:27-74
32            </intent-filter>
33        </activity>
34
35        <provider
35-->[com.squareup.picasso:picasso:2.71828] AndroidManifest.xml:8:9-11:40
36            android:name="com.squareup.picasso.PicassoProvider"
36-->[com.squareup.picasso:picasso:2.71828] AndroidManifest.xml:9:13-64
37            android:authorities="com.iplant.com.squareup.picasso"
37-->[com.squareup.picasso:picasso:2.71828] AndroidManifest.xml:10:13-72
38            android:exported="false" />
38-->[com.squareup.picasso:picasso:2.71828] AndroidManifest.xml:11:13-37
39        <provider
39-->[com.chibatching.kotpref:initializer:2.13.1] AndroidManifest.xml:12:9-22:20
40            android:name="androidx.startup.InitializationProvider"
40-->[com.chibatching.kotpref:initializer:2.13.1] AndroidManifest.xml:13:13-67
41            android:authorities="com.iplant.androidx-startup"
41-->[com.chibatching.kotpref:initializer:2.13.1] AndroidManifest.xml:14:13-68
42            android:exported="false" >
42-->[com.chibatching.kotpref:initializer:2.13.1] AndroidManifest.xml:15:13-37
43
44            <!-- Automatically runs KotprefInitializer at app startup -->
45            <meta-data
45-->[com.chibatching.kotpref:initializer:2.13.1] AndroidManifest.xml:19:13-21:52
46                android:name="com.chibatching.kotpref.initializer.KotprefInitializer"
46-->[com.chibatching.kotpref:initializer:2.13.1] AndroidManifest.xml:20:17-86
47                android:value="androidx.startup" />
47-->[com.chibatching.kotpref:initializer:2.13.1] AndroidManifest.xml:21:17-49
48        </provider>
49
50        <service
50-->[androidx.room:room-runtime:2.3.0] AndroidManifest.xml:25:9-28:40
51            android:name="androidx.room.MultiInstanceInvalidationService"
51-->[androidx.room:room-runtime:2.3.0] AndroidManifest.xml:26:13-74
52            android:directBootAware="true"
52-->[androidx.room:room-runtime:2.3.0] AndroidManifest.xml:27:13-43
53            android:exported="false" />
53-->[androidx.room:room-runtime:2.3.0] AndroidManifest.xml:28:13-37
54    </application>
55
56</manifest>